<?xml version="1.0" encoding="UTF-8"?>
<!-- Generated by org.testng.reporters.JUnitReportReporter -->
<testsuite hostname="DESKTOP-K0ONJ7J" failures="0" tests="7" name="Runner.TestRunnerr" time="112.059" errors="2" timestamp="2025-03-04T13:58:45 IST" skipped="0">
  <testcase classname="Runner.TestRunnerr" name="runScenario" time="7.150"/>
  <system-out/>
  <testcase classname="Runner.TestRunnerr" name="runScenario" time="31.471">
    <error message="Cannot invoke &quot;org.openqa.selenium.WebElement.clear()&quot; because &quot;waitedelement&quot; is null" type="java.lang.NullPointerException">
      <![CDATA[java.lang.NullPointerException: Cannot invoke "org.openqa.selenium.WebElement.clear()" because "waitedelement" is null
at Utilities.UtilityElements.textInput(UtilityElements.java:26)
at PageObjects.LoginPage.LoginCredentials(LoginPage.java:36)
at Stepdefination.Login.user_enter_the_username_and_password(Login.java:33)
at ✽.user enter the username "standard_user" and password "secret_sauce"(file:///C:/Usereclipsonly/Koushikworkspace1/CucumberHybrid-Saucelab/src/test/java/features/LandingPage.feature:6)
]]>
    </error>
  </testcase> <!-- runScenario -->
  <system-out/>
  <testcase classname="Runner.TestRunnerr" name="runScenario" time="7.814"/>
  <system-out/>
  <testcase classname="Runner.TestRunnerr" name="runScenario" time="44.591">
    <error message="Cannot invoke &quot;org.openqa.selenium.WebElement.clear()&quot; because &quot;waitedelement&quot; is null" type="java.lang.NullPointerException">
      <![CDATA[java.lang.NullPointerException: Cannot invoke "org.openqa.selenium.WebElement.clear()" because "waitedelement" is null
at Utilities.UtilityElements.textInput(UtilityElements.java:26)
at PageObjects.LoginPage.LoginCredentials(LoginPage.java:36)
at Stepdefination.Login.user_enter_the_username_and_password(Login.java:33)
at ✽.user enter the username "standard_user" and password "secret_sauce"(file:///C:/Usereclipsonly/Koushikworkspace1/CucumberHybrid-Saucelab/src/test/java/features/LandingPage.feature:6)
]]>
    </error>
  </testcase> <!-- runScenario -->
  <system-out/>
  <testcase classname="Runner.TestRunnerr" name="runScenario" time="6.604"/>
  <system-out/>
  <testcase classname="Runner.TestRunnerr" name="runScenario" time="6.805"/>
  <system-out/>
  <testcase classname="Runner.TestRunnerr" name="runScenario" time="7.624"/>
  <system-out/>
</testsuite> <!-- Runner.TestRunnerr -->
