<?xml version="1.0" encoding="UTF-8"?>
<!-- Generated by org.testng.reporters.JUnitReportReporter -->
<testsuite hostname="DESKTOP-K0ONJ7J" failures="0" tests="1" name="Runner.FailedTestRunner$TestNGRunner" time="7.459" errors="0" timestamp="2025-03-01T19:05:39 IST" skipped="0">
  <testcase classname="Runner.FailedTestRunner$TestNGRunner" name="runScenario" time="7.459"/>
  <system-out/>
</testsuite> <!-- Runner.FailedTestRunner$TestNGRunner -->
