<?xml version="1.0" encoding="UTF-8"?>
<!-- Generated by org.testng.reporters.JUnitReportReporter -->
<testsuite hostname="DESKTOP-K0ONJ7J" failures="0" tests="6" name="Runner.TestRunnerr" time="31.671" errors="0" timestamp="2024-12-29T17:40:01 IST" skipped="0">
  <testcase classname="Runner.TestRunnerr" name="runScenario" time="8.974"/>
  <system-out/>
  <testcase classname="Runner.TestRunnerr" name="runScenario" time="4.460"/>
  <system-out/>
  <testcase classname="Runner.TestRunnerr" name="runScenario" time="4.495"/>
  <system-out/>
  <testcase classname="Runner.TestRunnerr" name="runScenario" time="4.557"/>
  <system-out/>
  <testcase classname="Runner.TestRunnerr" name="runScenario" time="4.554"/>
  <system-out/>
  <testcase classname="Runner.TestRunnerr" name="runScenario" time="4.631"/>
  <system-out/>
</testsuite> <!-- Runner.TestRunnerr -->
