<?xml version="1.0" encoding="UTF-8"?>
<!-- Generated by org.testng.reporters.JUnitReportReporter -->
<testsuite hostname="DESKTOP-K0ONJ7J" failures="0" tests="7" name="Runner.TestRunnerr" time="120.288" errors="0" timestamp="2025-03-01T19:13:41 IST" skipped="0">
  <testcase classname="Runner.TestRunnerr" name="runScenario" time="17.283"/>
  <system-out/>
  <testcase classname="Runner.TestRunnerr" name="runScenario" time="17.283"/>
  <system-out/>
  <testcase classname="Runner.TestRunnerr" name="runScenario" time="17.870"/>
  <system-out/>
  <testcase classname="Runner.TestRunnerr" name="runScenario" time="17.380"/>
  <system-out/>
  <testcase classname="Runner.TestRunnerr" name="runScenario" time="16.143"/>
  <system-out/>
  <testcase classname="Runner.TestRunnerr" name="runScenario" time="17.331"/>
  <system-out/>
  <testcase classname="Runner.TestRunnerr" name="runScenario" time="16.998"/>
  <system-out/>
</testsuite> <!-- Runner.TestRunnerr -->
